  Header.cpp
c:\users\matth\desktop\1410res\1410\audiochannelmanagement\audiochannelmanagement\header.cpp(9): error C2653: 'Menu': is not a class or namespace name
c:\users\matth\desktop\1410res\1410\audiochannelmanagement\audiochannelmanagement\header.cpp(10): error C4430: missing type specifier - int assumed. Note: C++ does not support default-int
c:\users\matth\desktop\1410res\1410\audiochannelmanagement\audiochannelmanagement\header.cpp(11): warning C4508: 'Menu': function should return a value; 'void' return type assumed
c:\users\matth\desktop\1410res\1410\audiochannelmanagement\audiochannelmanagement\header.cpp(13): error C2510: 'Menu': left of '::' must be a class/struct/union
c:\users\matth\desktop\1410res\1410\audiochannelmanagement\audiochannelmanagement\header.cpp(15): error C2065: 'cout': undeclared identifier
c:\users\matth\desktop\1410res\1410\audiochannelmanagement\audiochannelmanagement\header.cpp(16): error C2065: 'cout': undeclared identifier
c:\users\matth\desktop\1410res\1410\audiochannelmanagement\audiochannelmanagement\header.cpp(16): error C2065: 'endl': undeclared identifier
c:\users\matth\desktop\1410res\1410\audiochannelmanagement\audiochannelmanagement\header.cpp(17): error C2065: 'cout': undeclared identifier
c:\users\matth\desktop\1410res\1410\audiochannelmanagement\audiochannelmanagement\header.cpp(18): error C2065: 'cout': undeclared identifier
c:\users\matth\desktop\1410res\1410\audiochannelmanagement\audiochannelmanagement\header.cpp(18): error C2065: 'endl': undeclared identifier
c:\users\matth\desktop\1410res\1410\audiochannelmanagement\audiochannelmanagement\header.cpp(19): error C2065: 'cout': undeclared identifier
c:\users\matth\desktop\1410res\1410\audiochannelmanagement\audiochannelmanagement\header.cpp(20): error C2065: 'cout': undeclared identifier
c:\users\matth\desktop\1410res\1410\audiochannelmanagement\audiochannelmanagement\header.cpp(20): error C2065: 'endl': undeclared identifier
c:\users\matth\desktop\1410res\1410\audiochannelmanagement\audiochannelmanagement\header.cpp(21): error C2065: 'cout': undeclared identifier
c:\users\matth\desktop\1410res\1410\audiochannelmanagement\audiochannelmanagement\header.cpp(22): error C2065: 'cout': undeclared identifier
c:\users\matth\desktop\1410res\1410\audiochannelmanagement\audiochannelmanagement\header.cpp(22): error C2065: 'endl': undeclared identifier
c:\users\matth\desktop\1410res\1410\audiochannelmanagement\audiochannelmanagement\header.cpp(23): error C2065: 'cout': undeclared identifier
c:\users\matth\desktop\1410res\1410\audiochannelmanagement\audiochannelmanagement\header.cpp(24): error C2065: 'cout': undeclared identifier
c:\users\matth\desktop\1410res\1410\audiochannelmanagement\audiochannelmanagement\header.cpp(24): error C2065: 'endl': undeclared identifier
c:\users\matth\desktop\1410res\1410\audiochannelmanagement\audiochannelmanagement\header.cpp(25): error C2065: 'cout': undeclared identifier
c:\users\matth\desktop\1410res\1410\audiochannelmanagement\audiochannelmanagement\header.cpp(26): error C2065: 'cout': undeclared identifier
c:\users\matth\desktop\1410res\1410\audiochannelmanagement\audiochannelmanagement\header.cpp(26): error C2065: 'endl': undeclared identifier
c:\users\matth\desktop\1410res\1410\audiochannelmanagement\audiochannelmanagement\header.cpp(27): error C2065: 'cout': undeclared identifier
c:\users\matth\desktop\1410res\1410\audiochannelmanagement\audiochannelmanagement\header.cpp(30): error C2510: 'Menu': left of '::' must be a class/struct/union
c:\users\matth\desktop\1410res\1410\audiochannelmanagement\audiochannelmanagement\header.cpp(32): error C2065: 'audioS': undeclared identifier
c:\users\matth\desktop\1410res\1410\audiochannelmanagement\audiochannelmanagement\header.cpp(32): error C2146: syntax error: missing ';' before identifier 'b'
c:\users\matth\desktop\1410res\1410\audiochannelmanagement\audiochannelmanagement\header.cpp(32): error C2065: 'b': undeclared identifier
c:\users\matth\desktop\1410res\1410\audiochannelmanagement\audiochannelmanagement\header.cpp(33): error C2065: 'choice': undeclared identifier
c:\users\matth\desktop\1410res\1410\audiochannelmanagement\audiochannelmanagement\header.cpp(34): error C2050: switch expression not integral
c:\users\matth\desktop\1410res\1410\audiochannelmanagement\audiochannelmanagement\header.cpp(38): error C2065: 'b': undeclared identifier
c:\users\matth\desktop\1410res\1410\audiochannelmanagement\audiochannelmanagement\header.cpp(41): error C2065: 'b': undeclared identifier
c:\users\matth\desktop\1410res\1410\audiochannelmanagement\audiochannelmanagement\header.cpp(44): error C2065: 'b': undeclared identifier
c:\users\matth\desktop\1410res\1410\audiochannelmanagement\audiochannelmanagement\header.cpp(47): error C2065: 'b': undeclared identifier
c:\users\matth\desktop\1410res\1410\audiochannelmanagement\audiochannelmanagement\header.cpp(50): error C2065: 'b': undeclared identifier
c:\users\matth\desktop\1410res\1410\audiochannelmanagement\audiochannelmanagement\header.cpp(53): error C2065: 'b': undeclared identifier
c:\users\matth\desktop\1410res\1410\audiochannelmanagement\audiochannelmanagement\header.cpp(56): error C2065: 'b': undeclared identifier
c:\users\matth\desktop\1410res\1410\audiochannelmanagement\audiochannelmanagement\header.cpp(58): error C2065: 'cout': undeclared identifier
c:\users\matth\desktop\1410res\1410\audiochannelmanagement\audiochannelmanagement\header.cpp(58): error C2065: 'choice': undeclared identifier
c:\users\matth\desktop\1410res\1410\audiochannelmanagement\audiochannelmanagement\header.cpp(58): error C2065: 'endl': undeclared identifier
c:\users\matth\desktop\1410res\1410\audiochannelmanagement\audiochannelmanagement\header.cpp(61): error C2065: 'choice': undeclared identifier
c:\users\matth\desktop\1410res\1410\audiochannelmanagement\audiochannelmanagement\header.cpp(64): error C2653: 'audioS': is not a class or namespace name
c:\users\matth\desktop\1410res\1410\audiochannelmanagement\audiochannelmanagement\header.cpp(65): error C4430: missing type specifier - int assumed. Note: C++ does not support default-int
c:\users\matth\desktop\1410res\1410\audiochannelmanagement\audiochannelmanagement\header.cpp(81): warning C4508: 'audioS': function should return a value; 'void' return type assumed
c:\users\matth\desktop\1410res\1410\audiochannelmanagement\audiochannelmanagement\header.cpp(83): error C2510: 'audioS': left of '::' must be a class/struct/union
c:\users\matth\desktop\1410res\1410\audiochannelmanagement\audiochannelmanagement\header.cpp(85): error C2065: 'NULL': undeclared identifier
c:\users\matth\desktop\1410res\1410\audiochannelmanagement\audiochannelmanagement\header.cpp(85): error C3861: 'CoInitialize': identifier not found
c:\users\matth\desktop\1410res\1410\audiochannelmanagement\audiochannelmanagement\header.cpp(86): error C2065: 'IMMDeviceEnumerator': undeclared identifier
c:\users\matth\desktop\1410res\1410\audiochannelmanagement\audiochannelmanagement\header.cpp(86): error C2065: 'deviceEnumerator': undeclared identifier
c:\users\matth\desktop\1410res\1410\audiochannelmanagement\audiochannelmanagement\header.cpp(86): error C2065: 'NULL': undeclared identifier
c:\users\matth\desktop\1410res\1410\audiochannelmanagement\audiochannelmanagement\header.cpp(87): error C2065: 'hr': undeclared identifier
c:\users\matth\desktop\1410res\1410\audiochannelmanagement\audiochannelmanagement\header.cpp(87): error C2065: 'MMDeviceEnumerator': undeclared identifier
c:\users\matth\desktop\1410res\1410\audiochannelmanagement\audiochannelmanagement\header.cpp(87): error C2065: 'NULL': undeclared identifier
c:\users\matth\desktop\1410res\1410\audiochannelmanagement\audiochannelmanagement\header.cpp(87): error C2065: 'CLSCTX_INPROC_SERVER': undeclared identifier
c:\users\matth\desktop\1410res\1410\audiochannelmanagement\audiochannelmanagement\header.cpp(87): error C2065: 'IMMDeviceEnumerator': undeclared identifier
c:\users\matth\desktop\1410res\1410\audiochannelmanagement\audiochannelmanagement\header.cpp(87): error C2065: 'LPVOID': undeclared identifier
c:\users\matth\desktop\1410res\1410\audiochannelmanagement\audiochannelmanagement\header.cpp(87): error C2059: syntax error: ')'
c:\users\matth\desktop\1410res\1410\audiochannelmanagement\audiochannelmanagement\header.cpp(88): error C2065: 'IMMDevice': undeclared identifier
c:\users\matth\desktop\1410res\1410\audiochannelmanagement\audiochannelmanagement\header.cpp(88): error C2065: 'defaultDevice': undeclared identifier
c:\users\matth\desktop\1410res\1410\audiochannelmanagement\audiochannelmanagement\header.cpp(88): error C2065: 'NULL': undeclared identifier
c:\users\matth\desktop\1410res\1410\audiochannelmanagement\audiochannelmanagement\header.cpp(90): error C2065: 'hr': undeclared identifier
c:\users\matth\desktop\1410res\1410\audiochannelmanagement\audiochannelmanagement\header.cpp(90): error C2065: 'deviceEnumerator': undeclared identifier
c:\users\matth\desktop\1410res\1410\audiochannelmanagement\audiochannelmanagement\header.cpp(90): error C2065: 'eRender': undeclared identifier
c:\users\matth\desktop\1410res\1410\audiochannelmanagement\audiochannelmanagement\header.cpp(90): error C2065: 'eConsole': undeclared identifier
c:\users\matth\desktop\1410res\1410\audiochannelmanagement\audiochannelmanagement\header.cpp(90): error C2065: 'defaultDevice': undeclared identifier
c:\users\matth\desktop\1410res\1410\audiochannelmanagement\audiochannelmanagement\header.cpp(91): error C2065: 'deviceEnumerator': undeclared identifier
c:\users\matth\desktop\1410res\1410\audiochannelmanagement\audiochannelmanagement\header.cpp(92): error C2065: 'deviceEnumerator': undeclared identifier
c:\users\matth\desktop\1410res\1410\audiochannelmanagement\audiochannelmanagement\header.cpp(92): error C2065: 'NULL': undeclared identifier
c:\users\matth\desktop\1410res\1410\audiochannelmanagement\audiochannelmanagement\header.cpp(94): error C2065: 'IAudioEndpointVolume': undeclared identifier
c:\users\matth\desktop\1410res\1410\audiochannelmanagement\audiochannelmanagement\header.cpp(94): error C2065: 'endpointVolume': undeclared identifier
c:\users\matth\desktop\1410res\1410\audiochannelmanagement\audiochannelmanagement\header.cpp(94): error C2065: 'NULL': undeclared identifier
c:\users\matth\desktop\1410res\1410\audiochannelmanagement\audiochannelmanagement\header.cpp(95): error C2065: 'hr': undeclared identifier
c:\users\matth\desktop\1410res\1410\audiochannelmanagement\audiochannelmanagement\header.cpp(95): error C2065: 'defaultDevice': undeclared identifier
c:\users\matth\desktop\1410res\1410\audiochannelmanagement\audiochannelmanagement\header.cpp(95): error C2065: 'IAudioEndpointVolume': undeclared identifier
c:\users\matth\desktop\1410res\1410\audiochannelmanagement\audiochannelmanagement\header.cpp(95): error C2065: 'CLSCTX_INPROC_SERVER': undeclared identifier
c:\users\matth\desktop\1410res\1410\audiochannelmanagement\audiochannelmanagement\header.cpp(95): error C2065: 'NULL': undeclared identifier
c:\users\matth\desktop\1410res\1410\audiochannelmanagement\audiochannelmanagement\header.cpp(95): error C2065: 'LPVOID': undeclared identifier
c:\users\matth\desktop\1410res\1410\audiochannelmanagement\audiochannelmanagement\header.cpp(95): error C2059: syntax error: ')'
c:\users\matth\desktop\1410res\1410\audiochannelmanagement\audiochannelmanagement\header.cpp(96): error C2065: 'defaultDevice': undeclared identifier
c:\users\matth\desktop\1410res\1410\audiochannelmanagement\audiochannelmanagement\header.cpp(97): error C2065: 'defaultDevice': undeclared identifier
c:\users\matth\desktop\1410res\1410\audiochannelmanagement\audiochannelmanagement\header.cpp(97): error C2065: 'NULL': undeclared identifier
c:\users\matth\desktop\1410res\1410\audiochannelmanagement\audiochannelmanagement\header.cpp(100): error C2065: 'endpointVolume': undeclared identifier
c:\users\matth\desktop\1410res\1410\audiochannelmanagement\audiochannelmanagement\header.cpp(100): error C2065: 'CurrentVol': undeclared identifier
c:\users\matth\desktop\1410res\1410\audiochannelmanagement\audiochannelmanagement\header.cpp(101): error C2065: 'cout': undeclared identifier
c:\users\matth\desktop\1410res\1410\audiochannelmanagement\audiochannelmanagement\header.cpp(101): error C2065: 'CurrentVol': undeclared identifier
c:\users\matth\desktop\1410res\1410\audiochannelmanagement\audiochannelmanagement\header.cpp(101): error C2065: 'endl': undeclared identifier
c:\users\matth\desktop\1410res\1410\audiochannelmanagement\audiochannelmanagement\header.cpp(104): error C2510: 'audioS': left of '::' must be a class/struct/union
c:\users\matth\desktop\1410res\1410\audiochannelmanagement\audiochannelmanagement\header.cpp(106): error C2065: 'NULL': undeclared identifier
c:\users\matth\desktop\1410res\1410\audiochannelmanagement\audiochannelmanagement\header.cpp(106): error C3861: 'CoInitialize': identifier not found
c:\users\matth\desktop\1410res\1410\audiochannelmanagement\audiochannelmanagement\header.cpp(107): error C2065: 'IMMDeviceEnumerator': undeclared identifier
c:\users\matth\desktop\1410res\1410\audiochannelmanagement\audiochannelmanagement\header.cpp(107): error C2065: 'deviceEnumerator': undeclared identifier
c:\users\matth\desktop\1410res\1410\audiochannelmanagement\audiochannelmanagement\header.cpp(107): error C2065: 'NULL': undeclared identifier
c:\users\matth\desktop\1410res\1410\audiochannelmanagement\audiochannelmanagement\header.cpp(108): error C2065: 'hr': undeclared identifier
c:\users\matth\desktop\1410res\1410\audiochannelmanagement\audiochannelmanagement\header.cpp(108): error C2065: 'MMDeviceEnumerator': undeclared identifier
c:\users\matth\desktop\1410res\1410\audiochannelmanagement\audiochannelmanagement\header.cpp(108): error C2065: 'NULL': undeclared identifier
c:\users\matth\desktop\1410res\1410\audiochannelmanagement\audiochannelmanagement\header.cpp(108): error C2065: 'CLSCTX_INPROC_SERVER': undeclared identifier
c:\users\matth\desktop\1410res\1410\audiochannelmanagement\audiochannelmanagement\header.cpp(108): error C2065: 'IMMDeviceEnumerator': undeclared identifier
c:\users\matth\desktop\1410res\1410\audiochannelmanagement\audiochannelmanagement\header.cpp(108): error C2065: 'LPVOID': undeclared identifier
c:\users\matth\desktop\1410res\1410\audiochannelmanagement\audiochannelmanagement\header.cpp(108): error C2059: syntax error: ')'
c:\users\matth\desktop\1410res\1410\audiochannelmanagement\audiochannelmanagement\header.cpp(109): error C2065: 'IMMDevice': undeclared identifier
c:\users\matth\desktop\1410res\1410\audiochannelmanagement\audiochannelmanagement\header.cpp(109): error C2065: 'defaultDevice': undeclared identifier
c:\users\matth\desktop\1410res\1410\audiochannelmanagement\audiochannelmanagement\header.cpp(109): error C2065: 'NULL': undeclared identifier
c:\users\matth\desktop\1410res\1410\audiochannelmanagement\audiochannelmanagement\header.cpp(111): error C2065: 'hr': undeclared identifier
c:\users\matth\desktop\1410res\1410\audiochannelmanagement\audiochannelmanagement\header.cpp(111): error C2065: 'deviceEnumerator': undeclared identifier
c:\users\matth\desktop\1410res\1410\audiochannelmanagement\audiochannelmanagement\header.cpp(111): error C2065: 'eRender': undeclared identifier
c:\users\matth\desktop\1410res\1410\audiochannelmanagement\audiochannelmanagement\header.cpp(111): error C2065: 'eConsole': undeclared identifier
c:\users\matth\desktop\1410res\1410\audiochannelmanagement\audiochannelmanagement\header.cpp(111): fatal error C1003: error count exceeds 100; stopping compilation
  Main.cpp
  Generating Code...
